<?xml version="1.0" encoding="UTF-8"?>
<!-- Generated by org.testng.reporters.JUnitReportReporter -->
<testsuite hostname="DESKTOP-EP99TSH" failures="0" tests="2" name="testng_framework.grouping_examopo" time="22.602" errors="0" timestamp="2024-11-28T17:39:19 IST" skipped="0">
  <testcase classname="testng_framework.grouping_examopo" name="newpage" time="13.549"/>
  <testcase classname="testng_framework.grouping_examopo" name="verifyHomepageTitle" time="9.053"/>
</testsuite> <!-- testng_framework.grouping_examopo -->
