<?xml version="1.0" encoding="UTF-8"?>
<!-- Generated by org.testng.reporters.JUnitReportReporter -->
<testsuite hostname="DESKTOP-EP99TSH" failures="0" tests="2" name="testng_framework.annotation2" time="0.079" errors="0" timestamp="2024-11-27T19:50:28 IST" skipped="0">
  <testcase classname="testng_framework.annotation2" name="amazonlogin" time="0.069"/>
  <testcase classname="testng_framework.annotation2" name="amazonadd_to_cart" time="0.010"/>
</testsuite> <!-- testng_framework.annotation2 -->
