<?xml version="1.0" encoding="UTF-8"?>
<!-- Generated by org.testng.reporters.JUnitReportReporter -->
<testsuite hostname="DESKTOP-EP99TSH" failures="0" tests="5" name="testng_framework.grouping_example" time="0.104" errors="0" timestamp="2024-11-28T17:54:34 IST" skipped="0">
  <testcase classname="testng_framework.grouping_example" name="apple2" time="0.004"/>
  <testcase classname="testng_framework.grouping_example" name="username" time="0.023"/>
  <testcase classname="testng_framework.grouping_example" name="samsung1" time="0.009"/>
  <testcase classname="testng_framework.grouping_example" name="apple1" time="0.062"/>
  <testcase classname="testng_framework.grouping_example" name="samsung2" time="0.006"/>
</testsuite> <!-- testng_framework.grouping_example -->
