<?xml version="1.0" encoding="UTF-8"?>
<!-- Generated by org.testng.reporters.JUnitReportReporter -->
<testsuite hostname="DESKTOP-EP99TSH" failures="0" tests="4" name="testng_framework.annotations" time="0.076" errors="0" timestamp="2024-11-27T19:50:28 IST" skipped="0">
  <testcase classname="testng_framework.annotations" name="login" time="0.019"/>
  <testcase classname="testng_framework.annotations" name="add_to_cart" time="0.020"/>
  <testcase classname="testng_framework.annotations" name="payemnt" time="0.012"/>
  <testcase classname="testng_framework.annotations" name="logout" time="0.025"/>
</testsuite> <!-- testng_framework.annotations -->
