<?xml version="1.0" encoding="UTF-8"?>
<!-- Generated by org.testng.reporters.JUnitReportReporter -->
<testsuite hostname="DESKTOP-EP99TSH" failures="0" tests="1" name="testng_framework.parameterization_example" time="0.049" errors="0" timestamp="2024-11-28T17:59:09 IST" skipped="0">
  <testcase classname="testng_framework.parameterization_example" name="username" time="0.049"/>
</testsuite> <!-- testng_framework.parameterization_example -->
