<?xml version="1.0" encoding="UTF-8"?>
<!-- Generated by org.testng.reporters.JUnitReportReporter -->
<testsuite hostname="DESKTOP-EP99TSH" failures="0" tests="1" name="keydriven.readexcel" time="20.286" errors="0" timestamp="2024-11-27T19:36:56 IST" skipped="0">
  <testcase classname="keydriven.readexcel" name="readtheexcel" time="20.286"/>
</testsuite> <!-- keydriven.readexcel -->
